\BOOKMARK [0][-]{chapter.1}{Review of Quantum Mechanics and Basic Principles of Field Theory}{}% 1
\BOOKMARK [1][-]{section.1.1}{Single-Particle Quantum Mechanics}{chapter.1}% 2
\BOOKMARK [1][-]{section.1.2}{Many-Particle Quantum Mechanics: Second Quantization}{chapter.1}% 3
\BOOKMARK [1][-]{section.1.3}{The Variation Principle and the Noether Theorem}{chapter.1}% 4
\BOOKMARK [1][-]{section.1.4}{Quantization of the Electromagnetic Field}{chapter.1}% 5
\BOOKMARK [0][-]{chapter.2}{Quantization with Path Integral Methods}{}% 6
\BOOKMARK [1][-]{section.2.1}{Single-Particle Quantum Mechanics and Path Integrals}{chapter.2}% 7
\BOOKMARK [1][-]{section.2.2}{The Path Integral for Bosons}{chapter.2}% 8
\BOOKMARK [1][-]{section.2.3}{The Path Integral for Fermions}{chapter.2}% 9
\BOOKMARK [1][-]{section.2.4}{The Path Integral for the Gauge Field}{chapter.2}% 10
\BOOKMARK [1][-]{section.2.5}{The Path Integral for the Spin System}{chapter.2}% 11
\BOOKMARK [0][-]{chapter.3}{Symmetry Breaking and Phase Transition}{}% 12
\BOOKMARK [1][-]{section.3.1}{Spontaneous Symmetry Breaking}{chapter.3}% 13
\BOOKMARK [1][-]{section.3.2}{The Goldstone Mode}{chapter.3}% 14
\BOOKMARK [1][-]{section.3.3}{Kosterlitz-Thouless Transition}{chapter.3}% 15
\BOOKMARK [1][-]{section.3.4}{Lattice Gauge Theory and the Confinement Problem}{chapter.3}% 16
\BOOKMARK [0][-]{chapter.4}{Simple Examples for the Application of Field Theory}{}% 17
\BOOKMARK [1][-]{section.4.1}{The RPA Theory of a Coulomb Gas}{chapter.4}% 18
\BOOKMARK [1][-]{section.4.2}{The Bogoliubov Theory of Superfluidity}{chapter.4}% 19
\BOOKMARK [0][-]{chapter.5}{Problems Related to Superconductivity}{}% 20
\BOOKMARK [1][-]{section.5.1}{Superconductivity and Path Integrals}{chapter.5}% 21
\BOOKMARK [1][-]{section.5.2}{Macroscopic Quantum Effects and Dissipation: The Josephson Junction}{chapter.5}% 22
\BOOKMARK [1][-]{section.5.3}{The Superconductor-Insulator Phase Transition in Two Dimensions and the Quantum Vortices}{chapter.5}% 23
\BOOKMARK [0][-]{chapter.6}{Quantum Hall Liquid and the Chern-Simons Gauge Field}{}% 24
\BOOKMARK [1][-]{section.6.1}{Two-Dimensional Electron System}{chapter.6}% 25
\BOOKMARK [1][-]{section.6.2}{Effective Theory of a Quantum Hall Liquid}{chapter.6}% 26
\BOOKMARK [1][-]{section.6.3}{The Derivation of the Laughlin Wave Function}{chapter.6}% 27
\BOOKMARK [0][-]{appendix.A}{Fourier Transformation}{}% 28
\BOOKMARK [0][-]{appendix.B}{Functionals and the Variation Principle}{}% 29
\BOOKMARK [0][-]{appendix.C}{Quantum Statistical Mechanics}{}% 30
